         w __deregister_frame_info
         w __register_frame_info
         w userAppExit
         w userAppInit
00000000 00000401 B __ctru_dev_path_buf
00000000 a shift
00000000 a shift
00000000 b _TLS_MODULE_BASE_
00000404 00000802 B __ctru_dev_utf16_buf
00100000 A __start__
00100000 T _start
00100008 T __service_ptr
0010000c T __apt_appid
00100010 T __heap_size
00100014 T __linear_heap_size
00100018 T __system_arglist
0010001c T __system_runflags
00100020 t startup
00100058 t ClearMem
0010006c t ClrLoop
00100094 T _init
001000ac T __aeabi_idiv
001000ac 00000220 T __divsi3
001000b4 t .divsi3_skip_div0_test
001002cc 00000020 T __aeabi_idivmod
001002ec 00000004 W __aeabi_idiv0
001002ec 00000004 W __aeabi_ldiv0
001002f0 T __aeabi_ldivmod
001003c4 T __aeabi_uldivmod
00100408 00000390 T strcmp
00100790 T __aeabi_uidiv
00100790 000001ec T __udivsi3
00100790 t .udivsi3_skip_div0_test
0010097c 00000020 T __aeabi_uidivmod
0010099c T __aeabi_drsub
001009a4 000002b0 T __aeabi_dsub
001009a4 000002b0 T __subdf3
001009a8 000002ac T __adddf3
001009a8 000002ac T __aeabi_dadd
00100c54 00000024 T __aeabi_ui2d
00100c54 00000024 T __floatunsidf
00100c78 00000028 T __aeabi_i2d
00100c78 00000028 T __floatsidf
00100ca0 00000048 T __aeabi_f2d
00100ca0 00000048 T __extendsfdf2
00100ce8 00000074 T __aeabi_ul2d
00100ce8 00000074 T __floatundidf
00100cfc 00000060 T __aeabi_l2d
00100cfc 00000060 T __floatdidf
00100d5c t __do_global_dtors_aux
00100d9c t frame_dummy
00100dc8 00000234 T main
00100ffc 00000178 T consoleDrawChar
00101174 00000124 T consolePrintChar
00101298 00000a00 T con_write
00101c98 00000168 T consoleInit
00101e00 000000f4 t newRow
00101ef4 000000d0 t gfxPresentFramebuffer
00101fc4 0000001c T gfxIsWide
00101fe0 000000ec T gfxSetScreenFormat
001020cc 00000010 T gfxSetDoubleBuffering
001020dc 00000108 T gfxInit
001021e4 00000010 T gfxInitDefault
001021f4 000000b4 T gfxExit
001022a8 000000a0 T gfxGetFramebuffer
00102348 0000010c T gfxFlushBuffers
00102454 00000050 T gfxSwapBuffers
001024a4 00000050 T gfxSwapBuffersGpu
001024f4 00000c58 t gspHardwareInit
0010314c 00000254 T gspInit
001033a0 000000f0 T gspExit
00103490 00000010 T gspHasGpuRight
001034a0 00000098 T gspPresentBuffer
00103538 00000050 T gspWaitForEvent
00103588 00000004 W gxCmdQueueInterrupt
0010358c 00000160 t gspEventThreadMain
001036ec 00000050 T GSPGPU_FlushDataCache
0010373c 00000034 T GSPGPU_SetLcdForceBlack
00103770 00000068 T GSPGPU_AcquireRight
001037d8 00000048 T GSPGPU_ReleaseRight
00103820 0000007c T GSPGPU_ImportDisplayCaptureInfo
0010389c 0000002c T GSPGPU_SaveVramSysArea
001038c8 0000002c T GSPGPU_RestoreVramSysArea
001038f4 000001b0 t aptConvertScreenForCapture
00103aa4 00000008 W aptDspSleep
00103aac 00000004 W aptDspWakeup
00103ab0 00000004 W aptDspCancel
00103ab4 0000015c T aptSendCommand
00103c10 00000038 t aptExitProcess
00103c48 000002f0 T aptExit
00103f38 000000d8 T aptHandleSleep
00104010 00000084 T APT_SleepIfShellClosed
00104094 00000084 T aptSetSleepAllowed
00104118 00000084 T APT_UnlockTransition
001041a0 00000484 t aptEventHandler
00104624 000000b0 T APT_ReceiveParameter
001046d4 000000b0 t aptReceiveParameter.constprop.0
00104788 000002bc t aptScreenTransfer
00104a44 000002d0 t aptWaitForWakeUp.isra.0
00104d14 00000118 T aptLaunchLibraryApplet
00104e2c 000000f8 T aptJumpToHomeMenu
00104f24 0000004c T aptMainLoop
00104f70 00000234 T aptInit
001051a4 0000007c T APT_CheckNew3DS
00105220 00000024 W hidShouldUseIrrst
00105244 0000018c T hidInit
001053d0 000000e8 T hidExit
001054b8 00000294 T hidScanInput
0010574c 00000010 T hidKeysDown
0010575c 00000040 T miiSelectorInit
0010579c 00000060 T miiSelectorLaunch
001057fc 000000b4 T miiSelectorReturnGetName
001058b0 000000c0 T utf8_to_utf16
00105970 0000013c T decode_utf8
00105aac 000000e8 T utf16_to_utf8
00105b94 00000038 W __libctru_init
00105bcc 000000f0 W __system_initArgv
00105cbc T svcControlMemory
00105cdc T svcQueryMemory
00105d0c T svcExitProcess
00105d14 T svcCreateThread
00105d34 T svcExitThread
00105d3c T svcSleepThread
00105d44 T svcReleaseMutex
00105d4c T svcCreateEvent
00105d60 T svcSignalEvent
00105d68 T svcClearEvent
00105d70 T svcMapMemoryBlock
00105d78 T svcUnmapMemoryBlock
00105d80 T svcCreateAddressArbiter
00105d94 T svcArbitrateAddressNoTimeout
00105d9c T svcCloseHandle
00105da4 T svcWaitSynchronization
00105dac T svcWaitSynchronizationN
00105dd4 T svcDuplicateHandle
00105de8 T svcGetSystemTick
00105df0 T svcConnectToPort
00105e04 T svcSendSyncRequest
00105e0c T svcGetResourceLimit
00105e20 T svcGetResourceLimitLimitValues
00105e28 T svcGetResourceLimitCurrentValues
00105e30 T svcBreak
00105e38 W initSystem
00105e88 W __ctru_exit
00105ea0 00000024 t addrMapNodeComparator(rbtree_node const*, rbtree_node const*)
00105ec4 00000004 t addrMapNodeDestructor(rbtree_node*)
00105ec8 00000114 T vramMemAlign
00105fdc 00000008 T vramAlloc
00105fe4 0000005c T vramFree
00106040 00000024 t addrMapNodeComparator(rbtree_node const*, rbtree_node const*)
00106064 00000004 t addrMapNodeDestructor(rbtree_node*)
00106068 00000120 T linearMemAlign
00106188 00000008 T linearAlloc
00106190 0000005c T linearFree
001061ec 00000084 T MemPool::CoalesceRight(MemBlock*)
00106270 00000170 T MemPool::Allocate(MemChunk&, unsigned long, int)
001063e0 000000fc T MemPool::Deallocate(MemChunk const&)
001064dc 0000000c T __sync_init
001064e8 00000018 T __sync_fini
00106500 0000002c T syncArbitrateAddress
0010652c 0000001c T LightLock_Init
00106548 00000094 T LightLock_Lock
001065dc 00000044 T LightLock_TryLock
00106620 00000040 T LightLock_Unlock
00106660 00000024 T RecursiveLock_Init
00106684 00000030 T RecursiveLock_Lock
001066b4 00000078 T RecursiveLock_TryLock
0010672c 00000054 T RecursiveLock_Unlock
00106780 00000040 T LightEvent_Init
001067c0 000000a4 T LightEvent_Clear
00106864 000000c8 T LightEvent_Signal
0010692c 00000058 T LightEvent_TryWait
00106984 000000b0 T LightEvent_Wait
00106a34 00000054 T osGetTimeRef
00106a88 000000e4 T osGetTime
00106b6c 00000074 T __libctru_gtod
00106be0 00000034 T __ctru_speedup_config
00106c14 00000124 T srvInit
00106d38 00000058 T srvExit
00106d90 00000080 T srvGetServiceHandleDirect
00106e10 00000048 T srvGetServiceHandle
00106e58 00000038 T srvPublishToSubscriber
00106e90 00000188 T threadCreate
00107018 0000002c T threadFree
00107044 00000024 T threadJoin
00107068 00000030 T threadGetCurrent
00107098 00000040 T threadExit
001070d8 00000044 t _thread_begin
0010711c 00000094 t mappableFindAddressWithin
001071b0 00000028 T mappableInit
001071d8 00000080 T mappableAlloc
00107258 00000004 T mappableFree
0010725c 00000160 T irrstInit
001073bc 000000cc T irrstExit
00107488 000000b0 T irrstScanInput
00107538 00000024 T irrstKeysHeld
0010755c 0000000c T srvPmGetSessionHandle
00107568 00000074 T ptmSysmInit
001075dc 0000003c T ptmSysmExit
00107618 00000034 T PTMSYSM_ConfigureNew3DSCPU
0010764c 00000010 T rbtree_init
0010765c 000001a0 t do_insert
001077fc 00000008 T rbtree_insert
00107804 00000090 T rbtree_rotate
00107894 00000338 T rbtree_remove
00107bcc 00000074 T rbtree_find
00107c40 00000060 T encode_utf16
00107ca0 000000fc T encode_utf8
00107d9c 00000064 T decode_utf16
00107e00 00000030 t __libctru_nanosleep
00107e30 00000030 t __libctru_get_reent
00107e60 000000f8 T __system_initSyscalls
00107f58 000001e0 W __system_allocateHeaps
00108138 00000030 W __appInit
00108168 00000030 W __appExit
00108198 00000090 W __libctru_exit
00108228 00000084 W envGetHandle
001082ac 00000050 W envDestroyHandles
001082fc 00000014 t archive_link
00108310 00000014 t archive_dirreset
00108324 00000014 t archive_chmod
00108338 00000024 t error_cmp
0010835c 00000050 t archive_translate_error
001083ac 000000d4 t archive_seek
00108480 0000007c t _archiveInit.part.0
001084fc 0000008c t archiveFindDevice.part.0
00108588 00000294 t archive_utf16path
0010881c 000000a0 t _archiveUnmountDeviceStruct.part.0
001088bc 00000014 t archive_fchmod
001088d0 00000014 t archive_statvfs
001088e4 00000158 t _archiveMountDevice
00108a3c 000000e8 t archive_diropen
00108b24 000000a4 t archive_fstat
00108bc8 0000006c t archive_close
00108c34 0000006c t archive_fsync
00108ca0 00000070 t archive_dirclose
00108d10 000000e8 t sdmc_statvfs
00108df8 00000080 t archive_ftruncate
00108e78 000000fc t archive_chdir
00108f74 000000b0 t archive_read
00109024 000000ac t archive_unlink
001090d0 000000c8 t archive_rmdir
00109198 000000ec t archive_mkdir
00109284 000001a8 t archive_stat
0010942c 00000184 t archive_rename
001095b0 00000168 t archive_dirnext
00109718 0000012c t archive_write
00109844 000001f0 t archive_open
00109a34 000001a4 T archiveMountSdmc
00109bd8 00000054 T archiveUnmountAll
00109c2c 000000c8 T fsInit
00109cf4 0000003c T fsExit
00109d30 00000060 T fsExemptFromSession
00109d90 00000050 T fsUnexemptFromSession
00109de0 000000cc T FSUSER_OpenFile
00109eac 000000bc T FSUSER_DeleteFile
00109f68 000000f8 T FSUSER_RenameFile
0010a060 000000bc T FSUSER_DeleteDirectory
0010a11c 000000d4 T FSUSER_CreateFile
0010a1f0 000000c4 T FSUSER_CreateDirectory
0010a2b4 000000f8 T FSUSER_RenameDirectory
0010a3ac 000000b4 T FSUSER_OpenDirectory
0010a460 00000094 T FSUSER_OpenArchive
0010a4f4 0000008c T FSUSER_CloseArchive
0010a580 00000074 T FSUSER_GetSdmcArchiveResource
0010a5f4 00000064 T FSUSER_IsSdmcWritable
0010a658 00000058 T FSFILE_Read
0010a6b0 00000060 T FSFILE_Write
0010a710 00000038 T FSFILE_GetSize
0010a748 00000028 T FSFILE_SetSize
0010a770 0000003c T FSFILE_Close
0010a7ac 00000024 T FSFILE_Flush
0010a7d0 00000050 T FSDIR_Read
0010a820 0000003c T FSDIR_Close
0010a85c 00000050 T rbtree_node_next
0010a8ac T __aeabi_read_tp
0010a8b8 00000120 T __udivmoddi4
0010a9d8 00000078 T bsearch
0010aa50 0000000c T __errno
0010aa5c 00000034 T exit
0010aa90 0000003c T __libc_fini_array
0010aacc 0000007c T __libc_init_array
0010ab48 00000028 T memalign
0010ab70 00000148 T _memalign_r
0010acb8 00000020 T malloc
0010acd8 00000020 T free
0010acf8 000007f0 T _malloc_r
0010b4e8 000000e0 T memchr
0010b5c8 0000011c T memcpy
0010b6e4 00000118 T memset
0010b7fc 0000000c T __malloc_lock
0010b808 0000000c T __malloc_unlock
0010b814 00000034 T printf
0010b848 00000034 T scanf
0010b87c 00000260 T setvbuf
0010badc 00000074 T sscanf
0010bb50 00000044 T __sread
0010bb94 00000008 T __seofread
0010bb9c 00000068 T __swrite
0010bc04 00000048 T __sseek
0010bc4c 00000008 T __sclose
0010bc54 0000005c T strlen
0010bcb0 000000ec T strncat
0010bd9c 000000dc T strncmp
0010be78 000000c0 T strncpy
0010bf38 00000048 T strnlen
0010bf80 00000050 t get_arg
0010bfd0 00002b68 T __ssvfscanf_r
0010eb38 0000064c t get_arg
0010f184 00000034 T __sprint_r
0010f1b8 00002584 T _vfiprintf_r
0011173c 000000d4 t __sbprintf
00111810 0000064c t get_arg
00111e60 000038d4 T _vfprintf_r
00115734 000000d4 t __sbprintf
00115808 00000050 t get_arg
00115858 00002ba4 T __svfscanf_r
001183fc 0000003c T _vfscanf_r
00118438 00000054 T _wcrtomb_r
0011848c 00000028 T _wcsrtombs_r
001184b4 00000154 T __swsetup_r
00118608 00000114 T __call_exitprocs
0011871c 000001a8 t quorem
001188c8 000012ec T _dtoa_r
00119bb4 00000258 T __sflush_r
00119e0c 00000094 T _fflush_r
00119ea0 00000038 T fflush
00119ed8 0000000c T _cleanup_r
00119ee4 00000184 T __sinit
0011a068 0000000c T __sfp_lock_acquire
0011a074 0000000c T __sfp_lock_release
0011a080 000002d0 T _fread_r
0011a350 000000f8 T _malloc_trim_r
0011a448 000002e4 T _free_r
0011a72c 000004a4 T __sfvwrite_r
0011abd0 00000068 T _fwalk
0011ac38 00000070 T _fwalk_reent
0011aca8 00000008 T iswspace
0011acb0 0000000c T _localeconv_r
0011acbc 00000010 T __locale_mb_cur_max
0011accc 00000138 T __smakebuf_r
0011ae04 00000094 T __swhatbuf_r
0011ae98 00000068 T _mbrtowc_r
0011af00 000002fc T __utf8_mbtowc
0011b1fc 00000154 T memmove
0011b350 00000088 T _Balloc
0011b3d8 0000001c T _Bfree
0011b3f4 000000f4 T __multadd
0011b4e8 00000110 T __s2b
0011b5f8 00000058 T __hi0bits
0011b650 0000009c T __lo0bits
0011b6ec 000000a4 T __i2b
0011b790 00000204 T __multiply
0011b994 00000120 T __pow5mult
0011bab4 0000013c T __lshift
0011bbf0 00000058 T __mcmp
0011bc48 000001cc T __mdiff
0011be14 00000088 T __ulp
0011be9c 000000d4 T __b2d
0011bf70 0000012c T __d2b
0011c09c 00000078 T __ratio
0011c114 00000088 T __copybits
0011c19c 0000005c T __any_on
0011c1f8 00000028 T realloc
0011c220 00000598 T _realloc_r
0011c7b8 0000001c t lflush
0011c7d4 000001ac T __srefill_r
0011c980 000000e4 T __sccl
0011ca64 0000000c T nanf
0011ca70 000000a8 T frexp
0011cb18 00000064 T sprintf
0011cb7c 000000b8 T stpncpy
0011cc34 00000144 T strchr
0011cd78 0000130c T _strtod_l
0011e084 0000000c T _strtod_r
0011e090 0000022c t _strtoll_l.constprop.0
0011e2bc 00000004 T _strtoll_r
0011e2c0 000001b0 t _strtol_l.part.0
0011e470 0000003c T _strtol_r
0011e4ac 00000244 t _strtoull_l.constprop.0
0011e6f0 00000004 T _strtoull_r
0011e6f4 000001c8 t _strtoul_l.constprop.0
0011e8bc 00000004 T _strtoul_r
0011e8c0 00000188 T __ssprint_r
0011ea48 000000e0 T _sungetc_r
0011eb28 0000006c T __ssrefill_r
0011eb94 000000c8 T _sfread_r
0011ec5c 0000064c t get_arg
0011f2a8 00003808 T _svfprintf_r
00122ab0 000000a8 T __submore
00122b58 00000208 T _ungetc_r
00122d60 00000190 T _wcsnrtombs_l
00122ef0 0000004c T _wcsnrtombs_r
00122f3c 000000f0 T __utf8_wctomb
0012302c 0000005c T __assert_func
00123088 00000094 T _calloc_r
0012311c 00000160 T _fclose_r
0012327c 0000003c T fiprintf
001232b8 000000ec t rshift
001233a4 00000928 T __gethex
00123ccc 0000004c T __match
00123d18 0000029c T __hexnan
00123fb4 0000003c T iswspace_l
00123ff0 000001d4 t __jp2uc
001241c4 0000009c T _jp2uc_l
00124260 00000010 T nan
00124270 00000014 T abort
00124284 00000084 T category
00124308 00000098 T _raise_r
001243a0 00000020 T raise
001243c0 00000008 t null_write
001243c8 00000018 T setDefaultDevice
001243e0 000000c8 T FindDevice
001244a8 00000028 T RemoveDevice
001244d0 0000009c T AddDevice
0012456c 00000020 T GetDeviceOpTab
0012458c 00000078 T _fstat_r
00124604 00000014 T _getpid_r
00124618 00000008 T _isatty_r
00124620 00000014 T _kill_r
00124634 00000084 T _lseek_r
001246b8 00000080 T _read_r
00124738 00000078 T _sbrk_r
001247b0 00000048 T sleep
001247f8 00000080 T _write_r
00124878 00000024 T _exit
0012489c 000001b8 T _concatenate_path
00124a54 00000160 T chdir
00124bb4 00000008 T __flockfile
00124bbc 00000008 T __funlockfile
00124bc4 00000018 T __libc_lock_acquire
00124bdc 00000018 T __libc_lock_release
00124bf4 00000018 T __libc_lock_init_recursive
00124c0c 00000018 T __libc_lock_acquire_recursive
00124c24 00000018 T __libc_lock_release_recursive
00124c3c 00000018 T __libc_lock_close_recursive
00124c54 0000003c T __get_handle
00124c90 000000f4 T _close_r
00124d84 00000028 T __getreent
00124dac 00000040 T nanosleep
00124dec 00000038 T __aeabi_d2lz
00124dec 00000038 T __fixdfdi
00124e28 00000040 T __aeabi_d2ulz
00124e28 00000040 T __fixunsdfdi
00124e68 00000044 T strrchr
00124eac T _fini
00125210 00000030 r colorTable
00125240 00000070 r dotab_stdout
001252d4 00000008 r morton_x.3
001252dc 00000008 r morton_y.2
001252e4 00000008 r s_sleepWakeEvents.4
00125304 R default_font_bin
00125b04 R default_font_bin_end
00125b04 R default_font_bin_size
00125b40 00000070 r archive_devoptab
00125bb0 00000030 r error_table
00125be8 00000004 R _global_impure_ptr
00125bf4 00000022 r basefix.0
00125c40 00000010 r blanks.1
00125c50 00000010 r zeroes.0
00125c74 00000010 r blanks.1
00125c84 00000010 r zeroes.0
00125c94 00000022 r basefix.0
00125cb8 00000101 R _ctype_
00125dcc r .LC2
00125ea8 00000028 R __mprec_bigtens
00125ed0 000000c8 R __mprec_tens
00125f98 0000000c r p05.0
00125fb4 00000014 r fpi.1
00125fc8 00000014 r fpinan.0
00125fe0 00000028 r tinytens
00126008 0000006c R __action_table
00126074 00000100 R __chclass
00126174 0000006c R __state_table
001261e0 00000010 r blanks.1
001261f0 00000010 r zeroes.0
00126288 00000100 R __hexdig
0012639c 000000bc r a1
00126458 000000bc r a2
00126514 0000005b r a3
00126570 00000070 r a6
001265e0 000000a2 r a7
00126684 00000040 r a8
001266c4 0000172a r b02cf
00127df0 00001a7c r d02f4
0012986c 0000000c R _C_numeric_locale
00129878 000031e6 r categories
0012ca60 00000070 R dotab_stdnull
0012cad0 r 
0012cad0 R __exidx_end
0012cad0 R __exidx_start
0012d000 00000004 D currentConsole
0012d004 0000004c D defaultConsole
0012d050 00000001 d firstConsoleInit.0
0012d054 00000004 d kCount
0012d058 00000004 d kDelay
0012d05c 00000004 d kInterval
0012d060 W __stacksize__
0012d064 00000004 D _impure_ptr
0012d068 00000460 d impure_data
0012d4c8 00000408 D __malloc_av_
0012d8d0 00000004 D __malloc_sbrk_base
0012d8d4 00000004 D __malloc_trim_threshold
0012d8d8 0000000c d __malloc_recursive_mutex
0012d8e4 0000000c D __atexit_recursive_mutex
0012d8f0 0000000c d __sfp_recursive_mutex
0012d8fc 0000000c d __sinit_recursive_mutex
0012d908 0000016c D __global_locale
0012da74 00000002 d numempty
0012da78 00000004 d defaultDevice
0012da7c 0000008c D devoptab_list
0012db08 00000400 d _current_working_directory
0012df08 00000004 d __hndl_lock
0012df0c 0000000c d __stderr_handle
0012df18 0000000c d __stdin_handle
0012df24 0000000c d __stdout_handle
0012df30 00001000 d handles
0012ef38 d _GLOBAL_OFFSET_TABLE_
0012ef44 d __frame_dummy_init_array_entry
0012ef44 D __init_array_start
0012ef44 B __preinit_array_end
0012ef44 B __preinit_array_start
0012ef44 D __tdata_lma
0012ef44 D __tdata_lma_end
0012ef48 d __do_global_dtors_aux_fini_array_entry
0012ef48 D __fini_array_start
0012ef48 D __init_array_end
0012ef4c D __bss_start__
0012ef4c D __fini_array_end
0012ef4c 00000104 b msConf.3
0012f050 00000084 b msRet.2
0012f0d4 00000024 b miiname.1
0012f0f8 00000024 b botmii.0
0012f11c b completed.1
0012f120 b object.0
0012f138 0000004c B currentCopy
0012f184 00000004 b gfxBottomFramebufferMaxSize
0012f188 00000008 b gfxBottomFramebuffers
0012f190 00000002 b gfxCurBuf
0012f194 00000002 b gfxFramebufferFormats
0012f198 00000002 b gfxIsDoubleBuf
0012f19a 00000001 b gfxIsVram
0012f19c 00000004 b gfxTopFramebufferMaxSize
0012f1a0 00000008 b gfxTopFramebuffers
0012f1a8 00000001 b gfxTopMode
0012f1ac 00000004 b screenAlloc
0012f1b0 00000004 b screenFree
0012f1b4 00000004 b gspEvent
0012f1b8 0000001c b gspEventCb
0012f1d4 0000001c b gspEventCbData
0012f1f0 00000007 b gspEventCbOneShot
0012f1f8 00000004 b gspEventThread
0012f1fc 00000038 b gspEvents
0012f234 00000004 b gspGpuHandle
0012f238 00000001 b gspGpuRight
0012f23c 00000004 b gspLastEvent
0012f240 00000004 b gspRefCount
0012f244 00000001 b gspRunEvents
0012f248 00000004 b gspSharedMem
0012f24c 00000004 b gspSharedMemHandle
0012f250 00000001 b gspThreadId
0012f251 00000001 b aptChainloadFlags
0012f252 00000001 b aptChainloadMediatype
0012f258 00000008 b aptChainloadTid
0012f260 00000004 b aptEventHandlerThread
0012f264 00000001 b aptEventHandlerThreadQuit
0012f268 00000008 b aptEvents
0012f270 0000000c b aptFirstHook
0012f27c 00000004 b aptFlags
0012f280 00000001 b aptHomeButtonState
0012f284 00000004 b aptLockHandle
0012f288 00000004 b aptMessageFunc
0012f28c 00000004 b aptMessageFuncData
0012f290 00001000 b aptParameters
00130290 00000008 b aptReceiveEvent
00130298 00000004 b aptRefCount
0013029c 00000008 b aptSleepEvent
001302a4 00000001 b flagInit.1
001302a5 00000001 b flagValue.0
001302a8 00000004 b serviceName.6
001302ac 00000006 b aVec
001302b4 00000004 b cPos
001302b8 00000006 b gRate
001302c0 00000014 B hidEvents
001302d4 00000004 B hidHandle
001302d8 00000004 B hidMemHandle
001302dc 00000004 b hidRefCount
001302e0 00000004 B hidSharedMem
001302e4 00000004 b kDown
001302e8 00000004 b kHeld
001302ec 00000004 b kOld
001302f0 00000004 b kRepeat
001302f4 00000004 b kUp
001302f8 00000004 b tPos
001302fc 00000001 b usingIrrst
00130300 00000004 B __system_retAddr
00130304 00000004 B __system_argc
00130308 00000004 B __system_argv
0013030c b saved_stack
00130314 0000000c b sAddrMap
00130320 00000008 b sVramPool
00130328 00000008 b sLinearPool
00130330 0000000c b sAddrMap
0013033c 00000004 b arbiter
00130340 00000001 V __ctru_speedup
00130344 00000004 b srvHandle
00130348 00000004 b srvRefCount
0013034c 00000004 b currentAddr
00130350 00000004 b maxAddr
00130354 00000004 b minAddr
00130358 00000004 b csPos
0013035c 00000004 B irrstEvent
00130360 00000004 B irrstHandle
00130364 00000004 B irrstMemHandle
00130368 00000004 b irrstRefCount
0013036c 00000004 B irrstSharedMem
00130370 00000004 b kHeld
00130374 00000004 b srvPmHandle
00130378 00000004 b ptmSysmHandle
0013037c 00000004 b ptmSysmRefCount
00130380 00000004 B __ctru_heap
00130384 00000004 V __ctru_heap_size
00130388 00000004 B __ctru_linear_heap
0013038c 00000004 V __ctru_linear_heap_size
00130390 00000004 b archive_device_cwd
00130398 00000540 b archive_devices
001308d8 00000001 b archive_initialized
001308e0 00000080 b fsExemptArchives
00130960 00000004 b fsuHandle
00130964 00000004 b fsuRefCount
00130968 00000028 B __malloc_current_mallinfo
00130990 00000004 B __malloc_max_sbrked_mem
00130994 00000004 B __malloc_max_total_mem
00130998 00000004 B __malloc_top_pad
0013099c 00000004 b heap_start.0
001309a0 00000004 B fake_heap_end
001309a4 00000004 B fake_heap_start
001309a8 00000400 b temp_cwd
00130da8 00000048 B __syscalls
00130df0 B __tls_start
001319f8 B __bss_end__
001319f8 A __end__
001319f8 B __tls_end
