         w __deregister_frame_info
         w __register_frame_info
         w userAppExit
         w userAppInit
00000000 00000401 B __ctru_dev_path_buf
00000000 a shift
00000000 a shift
00000000 b _TLS_MODULE_BASE_
00000404 00000802 B __ctru_dev_utf16_buf
00100000 T _start
00100000 A __start__
00100008 T __service_ptr
0010000c T __apt_appid
00100010 T __heap_size
00100014 T __linear_heap_size
00100018 T __system_arglist
0010001c T __system_runflags
00100020 t startup
00100058 t ClearMem
0010006c t ClrLoop
00100094 T _init
001000ac T __aeabi_idiv
001000ac 00000220 T __divsi3
001000b4 t .divsi3_skip_div0_test
001002cc 00000020 T __aeabi_idivmod
001002ec 00000004 W __aeabi_idiv0
001002ec 00000004 W __aeabi_ldiv0
001002f0 T __aeabi_ldivmod
001003c4 T __aeabi_uldivmod
00100408 00000390 T strcmp
00100790 T __aeabi_uidiv
00100790 000001ec T __udivsi3
00100790 t .udivsi3_skip_div0_test
0010097c 00000020 T __aeabi_uidivmod
0010099c T __aeabi_drsub
001009a4 000002b0 T __aeabi_dsub
001009a4 000002b0 T __subdf3
001009a8 000002ac T __adddf3
001009a8 000002ac T __aeabi_dadd
00100c54 00000024 T __aeabi_ui2d
00100c54 00000024 T __floatunsidf
00100c78 00000028 T __aeabi_i2d
00100c78 00000028 T __floatsidf
00100ca0 00000048 T __aeabi_f2d
00100ca0 00000048 T __extendsfdf2
00100ce8 00000074 T __aeabi_ul2d
00100ce8 00000074 T __floatundidf
00100cfc 00000060 T __aeabi_l2d
00100cfc 00000060 T __floatdidf
00100d5c t __do_global_dtors_aux
00100d9c t frame_dummy
00100dc8 00000068 T main
00100e30 00000178 T consoleDrawChar
00100fa8 00000124 T consolePrintChar
001010cc 00000a00 T con_write
00101acc 00000168 T consoleInit
00101c34 000000f4 t newRow
00101d28 000000d0 t gfxPresentFramebuffer
00101df8 0000001c T gfxIsWide
00101e14 000000ec T gfxSetScreenFormat
00101f00 00000010 T gfxSetDoubleBuffering
00101f10 00000108 T gfxInit
00102018 00000010 T gfxInitDefault
00102028 000000a0 T gfxGetFramebuffer
001020c8 0000010c T gfxFlushBuffers
001021d4 00000050 T gfxSwapBuffers
00102224 00000050 T gfxSwapBuffersGpu
00102274 00000c58 t gspHardwareInit
00102ecc 00000254 T gspInit
00103120 00000098 T gspPresentBuffer
001031b8 00000050 T gspWaitForEvent
00103208 00000004 W gxCmdQueueInterrupt
0010320c 00000160 t gspEventThreadMain
0010336c 00000050 T GSPGPU_FlushDataCache
001033bc 00000034 T GSPGPU_SetLcdForceBlack
001033f0 00000068 T GSPGPU_AcquireRight
00103458 00000048 T GSPGPU_ReleaseRight
001034a0 0000007c T GSPGPU_ImportDisplayCaptureInfo
0010351c 0000002c T GSPGPU_SaveVramSysArea
00103548 0000002c T GSPGPU_RestoreVramSysArea
00103574 000001b0 t aptConvertScreenForCapture
00103724 00000008 W aptDspSleep
0010372c 00000004 W aptDspWakeup
00103730 00000004 W aptDspCancel
00103734 0000015c T aptSendCommand
00103890 00000038 t aptExitProcess
001038c8 000002f0 T aptExit
00103bb8 000000d8 T aptHandleSleep
00103c90 00000084 T APT_SleepIfShellClosed
00103d14 00000084 T aptSetSleepAllowed
00103d98 00000084 T APT_UnlockTransition
00103e20 00000484 t aptEventHandler
001042a4 000000b0 T APT_ReceiveParameter
00104354 000000b0 t aptReceiveParameter.constprop.0
00104408 000002bc t aptScreenTransfer
001046c4 000002d0 t aptWaitForWakeUp.isra.0
00104994 000000f8 T aptJumpToHomeMenu
00104a8c 0000004c T aptMainLoop
00104ad8 00000234 T aptInit
00104d0c 0000007c T APT_CheckNew3DS
00104d88 00000024 W hidShouldUseIrrst
00104dac 0000018c T hidInit
00104f38 000000e8 T hidExit
00105020 00000294 T hidScanInput
001052b4 00000010 T hidKeysDown
001052c4 00000038 W __libctru_init
001052fc 000000f0 W __system_initArgv
001053ec T svcControlMemory
0010540c T svcQueryMemory
0010543c T svcExitProcess
00105444 T svcCreateThread
00105464 T svcExitThread
0010546c T svcSleepThread
00105474 T svcReleaseMutex
0010547c T svcCreateEvent
00105490 T svcSignalEvent
00105498 T svcClearEvent
001054a0 T svcMapMemoryBlock
001054a8 T svcUnmapMemoryBlock
001054b0 T svcCreateAddressArbiter
001054c4 T svcArbitrateAddressNoTimeout
001054cc T svcCloseHandle
001054d4 T svcWaitSynchronization
001054dc T svcWaitSynchronizationN
00105504 T svcDuplicateHandle
00105518 T svcGetSystemTick
00105520 T svcConnectToPort
00105534 T svcSendSyncRequest
0010553c T svcGetResourceLimit
00105550 T svcGetResourceLimitLimitValues
00105558 T svcGetResourceLimitCurrentValues
00105560 T svcBreak
00105568 W initSystem
001055b8 W __ctru_exit
001055d0 00000024 t addrMapNodeComparator(rbtree_node const*, rbtree_node const*)
001055f4 00000004 t addrMapNodeDestructor(rbtree_node*)
001055f8 00000114 T vramMemAlign
0010570c 00000008 T vramAlloc
00105714 0000005c T vramFree
00105770 00000024 t addrMapNodeComparator(rbtree_node const*, rbtree_node const*)
00105794 00000004 t addrMapNodeDestructor(rbtree_node*)
00105798 00000120 T linearMemAlign
001058b8 00000008 T linearAlloc
001058c0 0000005c T linearFree
0010591c 00000084 T MemPool::CoalesceRight(MemBlock*)
001059a0 00000170 T MemPool::Allocate(MemChunk&, unsigned long, int)
00105b10 000000fc T MemPool::Deallocate(MemChunk const&)
00105c0c 0000000c T __sync_init
00105c18 00000018 T __sync_fini
00105c30 0000002c T syncArbitrateAddress
00105c5c 0000001c T LightLock_Init
00105c78 00000094 T LightLock_Lock
00105d0c 00000044 T LightLock_TryLock
00105d50 00000040 T LightLock_Unlock
00105d90 00000024 T RecursiveLock_Init
00105db4 00000030 T RecursiveLock_Lock
00105de4 00000078 T RecursiveLock_TryLock
00105e5c 00000054 T RecursiveLock_Unlock
00105eb0 00000040 T LightEvent_Init
00105ef0 000000a4 T LightEvent_Clear
00105f94 000000c8 T LightEvent_Signal
0010605c 00000058 T LightEvent_TryWait
001060b4 000000b0 T LightEvent_Wait
00106164 00000054 T osGetTimeRef
001061b8 000000e4 T osGetTime
0010629c 00000074 T __libctru_gtod
00106310 00000034 T __ctru_speedup_config
00106344 00000124 T srvInit
00106468 00000058 T srvExit
001064c0 00000080 T srvGetServiceHandleDirect
00106540 00000048 T srvGetServiceHandle
00106588 00000038 T srvPublishToSubscriber
001065c0 00000188 T threadCreate
00106748 0000002c T threadFree
00106774 00000024 T threadJoin
00106798 00000030 T threadGetCurrent
001067c8 00000040 T threadExit
00106808 00000044 t _thread_begin
0010684c 00000094 t mappableFindAddressWithin
001068e0 00000028 T mappableInit
00106908 00000080 T mappableAlloc
00106988 00000004 T mappableFree
0010698c 00000160 T irrstInit
00106aec 000000cc T irrstExit
00106bb8 000000b0 T irrstScanInput
00106c68 00000024 T irrstKeysHeld
00106c8c 0000000c T srvPmGetSessionHandle
00106c98 00000074 T ptmSysmInit
00106d0c 0000003c T ptmSysmExit
00106d48 00000034 T PTMSYSM_ConfigureNew3DSCPU
00106d7c 00000010 T rbtree_init
00106d8c 000001a0 t do_insert
00106f2c 00000008 T rbtree_insert
00106f34 00000090 T rbtree_rotate
00106fc4 00000338 T rbtree_remove
001072fc 00000074 T rbtree_find
00107370 00000030 t __libctru_nanosleep
001073a0 00000030 t __libctru_get_reent
001073d0 000000f8 T __system_initSyscalls
001074c8 000001e0 W __system_allocateHeaps
001076a8 00000030 W __appInit
001076d8 00000030 W __appExit
00107708 00000090 W __libctru_exit
00107798 00000084 W envGetHandle
0010781c 00000050 W envDestroyHandles
0010786c 00000014 t archive_link
00107880 00000014 t archive_dirreset
00107894 00000014 t archive_chmod
001078a8 00000024 t error_cmp
001078cc 00000050 t archive_translate_error
0010791c 000000d4 t archive_seek
001079f0 0000007c t _archiveInit.part.0
00107a6c 0000008c t archiveFindDevice.part.0
00107af8 00000294 t archive_utf16path
00107d8c 000000a0 t _archiveUnmountDeviceStruct.part.0
00107e2c 00000014 t archive_fchmod
00107e40 00000014 t archive_statvfs
00107e54 00000158 t _archiveMountDevice
00107fac 000000e8 t archive_diropen
00108094 000000a4 t archive_fstat
00108138 0000006c t archive_close
001081a4 0000006c t archive_fsync
00108210 00000070 t archive_dirclose
00108280 000000e8 t sdmc_statvfs
00108368 00000080 t archive_ftruncate
001083e8 000000fc t archive_chdir
001084e4 000000b0 t archive_read
00108594 000000ac t archive_unlink
00108640 000000c8 t archive_rmdir
00108708 000000ec t archive_mkdir
001087f4 000001a8 t archive_stat
0010899c 00000184 t archive_rename
00108b20 00000168 t archive_dirnext
00108c88 0000012c t archive_write
00108db4 000001f0 t archive_open
00108fa4 000001a4 T archiveMountSdmc
00109148 00000054 T archiveUnmountAll
0010919c 000000c8 T fsInit
00109264 0000003c T fsExit
001092a0 00000060 T fsExemptFromSession
00109300 00000050 T fsUnexemptFromSession
00109350 000000cc T FSUSER_OpenFile
0010941c 000000bc T FSUSER_DeleteFile
001094d8 000000f8 T FSUSER_RenameFile
001095d0 000000bc T FSUSER_DeleteDirectory
0010968c 000000d4 T FSUSER_CreateFile
00109760 000000c4 T FSUSER_CreateDirectory
00109824 000000f8 T FSUSER_RenameDirectory
0010991c 000000b4 T FSUSER_OpenDirectory
001099d0 00000094 T FSUSER_OpenArchive
00109a64 0000008c T FSUSER_CloseArchive
00109af0 00000074 T FSUSER_GetSdmcArchiveResource
00109b64 00000064 T FSUSER_IsSdmcWritable
00109bc8 00000058 T FSFILE_Read
00109c20 00000060 T FSFILE_Write
00109c80 00000038 T FSFILE_GetSize
00109cb8 00000028 T FSFILE_SetSize
00109ce0 0000003c T FSFILE_Close
00109d1c 00000024 T FSFILE_Flush
00109d40 00000050 T FSDIR_Read
00109d90 0000003c T FSDIR_Close
00109dcc 00000050 T rbtree_node_next
00109e1c 000000c0 T utf8_to_utf16
00109edc 0000013c T decode_utf8
0010a018 000000e8 T utf16_to_utf8
0010a100 T __aeabi_read_tp
0010a10c 00000060 T encode_utf16
0010a16c 000000fc T encode_utf8
0010a268 00000064 T decode_utf16
0010a2cc 00000120 T __udivmoddi4
0010a3ec 00000078 T bsearch
0010a464 0000000c T __errno
0010a470 00000034 T exit
0010a4a4 0000003c T __libc_fini_array
0010a4e0 0000007c T __libc_init_array
0010a55c 00000028 T memalign
0010a584 00000148 T _memalign_r
0010a6cc 00000020 T malloc
0010a6ec 00000020 T free
0010a70c 000007f0 T _malloc_r
0010aefc 000000e0 T memchr
0010afdc 0000011c T memcpy
0010b0f8 00000118 T memset
0010b210 0000000c T __malloc_lock
0010b21c 0000000c T __malloc_unlock
0010b228 00000034 T printf
0010b25c 000000e0 T _puts_r
0010b33c 00000020 T puts
0010b35c 00000260 T setvbuf
0010b5bc 00000074 T sscanf
0010b630 00000044 T __sread
0010b674 00000008 T __seofread
0010b67c 00000068 T __swrite
0010b6e4 00000048 T __sseek
0010b72c 00000008 T __sclose
0010b734 0000005c T strlen
0010b790 000000ec T strncat
0010b87c 000000dc T strncmp
0010b958 000000c0 T strncpy
0010ba18 00000048 T strnlen
0010ba60 00000050 t get_arg
0010bab0 00002b68 T __ssvfscanf_r
0010e618 0000064c t get_arg
0010ec64 00000034 T __sprint_r
0010ec98 00002584 T _vfiprintf_r
0011121c 000000d4 t __sbprintf
001112f0 0000064c t get_arg
00111940 000038d4 T _vfprintf_r
00115214 000000d4 t __sbprintf
001152e8 00000054 T _wcrtomb_r
0011533c 00000028 T _wcsrtombs_r
00115364 00000154 T __swsetup_r
001154b8 00000114 T __call_exitprocs
001155cc 000001a8 t quorem
00115778 000012ec T _dtoa_r
00116a64 00000258 T __sflush_r
00116cbc 00000094 T _fflush_r
00116d50 0000000c T _cleanup_r
00116d5c 00000184 T __sinit
00116ee0 0000000c T __sfp_lock_acquire
00116eec 0000000c T __sfp_lock_release
00116ef8 000000f8 T _malloc_trim_r
00116ff0 000002e4 T _free_r
001172d4 000004a4 T __sfvwrite_r
00117778 00000070 T _fwalk_reent
001177e8 00000008 T iswspace
001177f0 0000000c T _localeconv_r
001177fc 00000010 T __locale_mb_cur_max
0011780c 00000138 T __smakebuf_r
00117944 00000094 T __swhatbuf_r
001179d8 00000068 T _mbrtowc_r
00117a40 000002fc T __utf8_mbtowc
00117d3c 00000154 T memmove
00117e90 00000088 T _Balloc
00117f18 0000001c T _Bfree
00117f34 000000f4 T __multadd
00118028 00000110 T __s2b
00118138 00000058 T __hi0bits
00118190 0000009c T __lo0bits
0011822c 000000a4 T __i2b
001182d0 00000204 T __multiply
001184d4 00000120 T __pow5mult
001185f4 0000013c T __lshift
00118730 00000058 T __mcmp
00118788 000001cc T __mdiff
00118954 00000088 T __ulp
001189dc 000000d4 T __b2d
00118ab0 0000012c T __d2b
00118bdc 00000078 T __ratio
00118c54 00000088 T __copybits
00118cdc 0000005c T __any_on
00118d38 00000028 T realloc
00118d60 00000598 T _realloc_r
001192f8 000000e4 T __sccl
001193dc 0000000c T nanf
001193e8 000000a8 T frexp
00119490 00000064 T sprintf
001194f4 000000b8 T stpncpy
001195ac 00000144 T strchr
001196f0 0000130c T _strtod_l
0011a9fc 0000000c T _strtod_r
0011aa08 0000022c t _strtoll_l.constprop.0
0011ac34 00000004 T _strtoll_r
0011ac38 000001b0 t _strtol_l.part.0
0011ade8 0000003c T _strtol_r
0011ae24 00000244 t _strtoull_l.constprop.0
0011b068 00000004 T _strtoull_r
0011b06c 000001c8 t _strtoul_l.constprop.0
0011b234 00000004 T _strtoul_r
0011b238 00000188 T __ssprint_r
0011b3c0 000000e0 T _sungetc_r
0011b4a0 0000006c T __ssrefill_r
0011b50c 000000c8 T _sfread_r
0011b5d4 0000064c t get_arg
0011bc20 00003808 T _svfprintf_r
0011f428 000000a8 T __submore
0011f4d0 00000190 T _wcsnrtombs_l
0011f660 0000004c T _wcsnrtombs_r
0011f6ac 000000f0 T __utf8_wctomb
0011f79c 0000005c T __assert_func
0011f7f8 00000094 T _calloc_r
0011f88c 00000160 T _fclose_r
0011f9ec 0000003c T fiprintf
0011fa28 000000ec t rshift
0011fb14 00000928 T __gethex
0012043c 0000004c T __match
00120488 0000029c T __hexnan
00120724 0000003c T iswspace_l
00120760 000001d4 t __jp2uc
00120934 0000009c T _jp2uc_l
001209d0 00000010 T nan
001209e0 00000014 T abort
001209f4 00000084 T category
00120a78 00000098 T _raise_r
00120b10 00000020 T raise
00120b30 00000008 t null_write
00120b38 00000018 T setDefaultDevice
00120b50 000000c8 T FindDevice
00120c18 00000028 T RemoveDevice
00120c40 0000009c T AddDevice
00120cdc 00000020 T GetDeviceOpTab
00120cfc 00000078 T _fstat_r
00120d74 00000014 T _getpid_r
00120d88 00000008 T _isatty_r
00120d90 00000014 T _kill_r
00120da4 00000084 T _lseek_r
00120e28 00000080 T _read_r
00120ea8 00000078 T _sbrk_r
00120f20 00000080 T _write_r
00120fa0 00000024 T _exit
00120fc4 000001b8 T _concatenate_path
0012117c 00000160 T chdir
001212dc 00000008 T __flockfile
001212e4 00000008 T __funlockfile
001212ec 00000018 T __libc_lock_acquire
00121304 00000018 T __libc_lock_release
0012131c 00000018 T __libc_lock_init_recursive
00121334 00000018 T __libc_lock_acquire_recursive
0012134c 00000018 T __libc_lock_release_recursive
00121364 00000018 T __libc_lock_close_recursive
0012137c 0000003c T __get_handle
001213b8 000000f4 T _close_r
001214ac 00000028 T __getreent
001214d4 00000038 T __aeabi_d2lz
001214d4 00000038 T __fixdfdi
00121510 00000040 T __aeabi_d2ulz
00121510 00000040 T __fixunsdfdi
00121550 00000044 T strrchr
00121594 T _fini
001223fc 00000030 r colorTable
0012242c 00000070 r dotab_stdout
001224c0 00000008 r morton_x.3
001224c8 00000008 r morton_y.2
001224d0 00000008 r s_sleepWakeEvents.4
001224f0 R default_font_bin
00122cf0 R default_font_bin_end
00122cf0 R default_font_bin_size
00122d2c 00000070 r archive_devoptab
00122d9c 00000030 r error_table
00122dd4 00000004 R _global_impure_ptr
00122de0 00000022 r basefix.0
00122e2c 00000010 r blanks.1
00122e3c 00000010 r zeroes.0
00122e60 00000010 r blanks.1
00122e70 00000010 r zeroes.0
00122e80 00000101 R _ctype_
00122f94 r .LC2
00123078 00000028 R __mprec_bigtens
001230a0 000000c8 R __mprec_tens
00123168 0000000c r p05.0
00123184 00000014 r fpi.1
00123198 00000014 r fpinan.0
001231b0 00000028 r tinytens
001231d8 0000006c R __action_table
00123244 00000100 R __chclass
00123344 0000006c R __state_table
001233b0 00000010 r blanks.1
001233c0 00000010 r zeroes.0
00123458 00000100 R __hexdig
0012356c 000000bc r a1
00123628 000000bc r a2
001236e4 0000005b r a3
00123740 00000070 r a6
001237b0 000000a2 r a7
00123854 00000040 r a8
00123894 0000172a r b02cf
00124fc0 00001a7c r d02f4
00126a3c 0000000c R _C_numeric_locale
00126a48 000031e6 r categories
00129c30 00000070 R dotab_stdnull
00129ca0 r 
00129ca0 R __exidx_end
00129ca0 R __exidx_start
0012a000 00000004 D currentConsole
0012a004 0000004c D defaultConsole
0012a050 00000001 d firstConsoleInit.0
0012a054 00000004 d kCount
0012a058 00000004 d kDelay
0012a05c 00000004 d kInterval
0012a060 W __stacksize__
0012a064 00000004 D _impure_ptr
0012a068 00000460 d impure_data
0012a4c8 00000408 D __malloc_av_
0012a8d0 00000004 D __malloc_sbrk_base
0012a8d4 00000004 D __malloc_trim_threshold
0012a8d8 0000000c d __malloc_recursive_mutex
0012a8e4 0000000c D __atexit_recursive_mutex
0012a8f0 0000000c d __sfp_recursive_mutex
0012a8fc 0000000c d __sinit_recursive_mutex
0012a908 0000016c D __global_locale
0012aa74 00000002 d numempty
0012aa78 00000004 d defaultDevice
0012aa7c 0000008c D devoptab_list
0012ab08 00000400 d _current_working_directory
0012af08 00000004 d __hndl_lock
0012af0c 0000000c d __stderr_handle
0012af18 0000000c d __stdin_handle
0012af24 0000000c d __stdout_handle
0012af30 00001000 d handles
0012bf38 d _GLOBAL_OFFSET_TABLE_
0012bf44 d __frame_dummy_init_array_entry
0012bf44 D __init_array_start
0012bf44 B __preinit_array_end
0012bf44 B __preinit_array_start
0012bf44 D __tdata_lma
0012bf44 D __tdata_lma_end
0012bf48 d __do_global_dtors_aux_fini_array_entry
0012bf48 D __fini_array_start
0012bf48 D __init_array_end
0012bf4c D __bss_start__
0012bf4c b completed.1
0012bf4c D __fini_array_end
0012bf50 b object.0
0012bf68 0000004c B currentCopy
0012bfb4 00000004 b gfxBottomFramebufferMaxSize
0012bfb8 00000008 b gfxBottomFramebuffers
0012bfc0 00000002 b gfxCurBuf
0012bfc4 00000002 b gfxFramebufferFormats
0012bfc8 00000002 b gfxIsDoubleBuf
0012bfca 00000001 b gfxIsVram
0012bfcc 00000004 b gfxTopFramebufferMaxSize
0012bfd0 00000008 b gfxTopFramebuffers
0012bfd8 00000001 b gfxTopMode
0012bfdc 00000004 b screenAlloc
0012bfe0 00000004 b screenFree
0012bfe4 00000004 b gspEvent
0012bfe8 0000001c b gspEventCb
0012c004 0000001c b gspEventCbData
0012c020 00000007 b gspEventCbOneShot
0012c028 00000004 b gspEventThread
0012c02c 00000038 b gspEvents
0012c064 00000004 b gspGpuHandle
0012c068 00000001 b gspGpuRight
0012c06c 00000004 b gspLastEvent
0012c070 00000004 b gspRefCount
0012c074 00000001 b gspRunEvents
0012c078 00000004 b gspSharedMem
0012c07c 00000004 b gspSharedMemHandle
0012c080 00000001 b gspThreadId
0012c081 00000001 b aptChainloadFlags
0012c082 00000001 b aptChainloadMediatype
0012c088 00000008 b aptChainloadTid
0012c090 00000004 b aptEventHandlerThread
0012c094 00000001 b aptEventHandlerThreadQuit
0012c098 00000008 b aptEvents
0012c0a0 0000000c b aptFirstHook
0012c0ac 00000004 b aptFlags
0012c0b0 00000001 b aptHomeButtonState
0012c0b4 00000004 b aptLockHandle
0012c0b8 00000004 b aptMessageFunc
0012c0bc 00000004 b aptMessageFuncData
0012c0c0 00001000 b aptParameters
0012d0c0 00000008 b aptReceiveEvent
0012d0c8 00000004 b aptRefCount
0012d0cc 00000008 b aptSleepEvent
0012d0d4 00000001 b flagInit.1
0012d0d5 00000001 b flagValue.0
0012d0d8 00000004 b serviceName.6
0012d0dc 00000006 b aVec
0012d0e4 00000004 b cPos
0012d0e8 00000006 b gRate
0012d0f0 00000014 B hidEvents
0012d104 00000004 B hidHandle
0012d108 00000004 B hidMemHandle
0012d10c 00000004 b hidRefCount
0012d110 00000004 B hidSharedMem
0012d114 00000004 b kDown
0012d118 00000004 b kHeld
0012d11c 00000004 b kOld
0012d120 00000004 b kRepeat
0012d124 00000004 b kUp
0012d128 00000004 b tPos
0012d12c 00000001 b usingIrrst
0012d130 00000004 B __system_retAddr
0012d134 00000004 B __system_argc
0012d138 00000004 B __system_argv
0012d13c b saved_stack
0012d144 0000000c b sAddrMap
0012d150 00000008 b sVramPool
0012d158 00000008 b sLinearPool
0012d160 0000000c b sAddrMap
0012d16c 00000004 b arbiter
0012d170 00000001 V __ctru_speedup
0012d174 00000004 b srvHandle
0012d178 00000004 b srvRefCount
0012d17c 00000004 b currentAddr
0012d180 00000004 b maxAddr
0012d184 00000004 b minAddr
0012d188 00000004 b csPos
0012d18c 00000004 B irrstEvent
0012d190 00000004 B irrstHandle
0012d194 00000004 B irrstMemHandle
0012d198 00000004 b irrstRefCount
0012d19c 00000004 B irrstSharedMem
0012d1a0 00000004 b kHeld
0012d1a4 00000004 b srvPmHandle
0012d1a8 00000004 b ptmSysmHandle
0012d1ac 00000004 b ptmSysmRefCount
0012d1b0 00000004 B __ctru_heap
0012d1b4 00000004 V __ctru_heap_size
0012d1b8 00000004 B __ctru_linear_heap
0012d1bc 00000004 V __ctru_linear_heap_size
0012d1c0 00000004 b archive_device_cwd
0012d1c8 00000540 b archive_devices
0012d708 00000001 b archive_initialized
0012d710 00000080 b fsExemptArchives
0012d790 00000004 b fsuHandle
0012d794 00000004 b fsuRefCount
0012d798 00000028 B __malloc_current_mallinfo
0012d7c0 00000004 B __malloc_max_sbrked_mem
0012d7c4 00000004 B __malloc_max_total_mem
0012d7c8 00000004 B __malloc_top_pad
0012d7cc 00000004 b heap_start.0
0012d7d0 00000004 B fake_heap_end
0012d7d4 00000004 B fake_heap_start
0012d7d8 00000400 b temp_cwd
0012dbd8 00000048 B __syscalls
0012dc20 B __tls_start
0012e828 B __bss_end__
0012e828 A __end__
0012e828 B __tls_end
