         w __deregister_frame_info
         w __register_frame_info
         w userAppExit
         w userAppInit
00000000 00000401 B __ctru_dev_path_buf
00000000 a shift
00000000 a shift
00000000 b _TLS_MODULE_BASE_
00000404 00000802 B __ctru_dev_utf16_buf
00100000 A __start__
00100000 T _start
00100008 T __service_ptr
0010000c T __apt_appid
00100010 T __heap_size
00100014 T __linear_heap_size
00100018 T __system_arglist
0010001c T __system_runflags
00100020 t startup
00100058 t ClearMem
0010006c t ClrLoop
00100094 T _init
001000ac T __aeabi_ldivmod
00100180 T __aeabi_uldivmod
001001bc 00000004 W __aeabi_idiv0
001001bc 00000004 W __aeabi_ldiv0
001001c8 00000390 T strcmp
00100550 T __aeabi_uidiv
00100550 000001ec T __udivsi3
00100550 t .udivsi3_skip_div0_test
0010073c 00000020 T __aeabi_uidivmod
0010075c T __aeabi_idiv
0010075c 00000220 T __divsi3
00100764 t .divsi3_skip_div0_test
0010097c 00000020 T __aeabi_idivmod
0010099c t __do_global_dtors_aux
001009dc t frame_dummy
00100a08 0000020c T main
00100c14 000000f0 W __system_initArgv
00100d04 W initSystem
00100d54 W __ctru_exit
00100d6c 00000030 W __appInit
00100d9c 00000038 W __libctru_init
00100dd4 00000030 W __appExit
00100e04 00000090 W __libctru_exit
00100e94 T svcControlMemory
00100eb4 T svcQueryMemory
00100ee4 T svcExitProcess
00100eec T svcCreateThread
00100f0c T svcExitThread
00100f14 T svcSleepThread
00100f1c T svcReleaseMutex
00100f24 T svcSignalEvent
00100f2c T svcClearEvent
00100f34 T svcMapMemoryBlock
00100f3c T svcUnmapMemoryBlock
00100f44 T svcCreateAddressArbiter
00100f58 T svcArbitrateAddressNoTimeout
00100f60 T svcCloseHandle
00100f68 T svcWaitSynchronization
00100f70 T svcWaitSynchronizationN
00100f98 T svcDuplicateHandle
00100fac T svcGetSystemTick
00100fb4 T svcConnectToPort
00100fc8 T svcSendSyncRequest
00100fd0 T svcGetResourceLimit
00100fe4 T svcGetResourceLimitLimitValues
00100fec T svcGetResourceLimitCurrentValues
00100ff4 T svcBreak
00100ffc 0000000c T __sync_init
00101008 00000018 T __sync_fini
00101020 0000001c T LightLock_Init
0010103c 00000094 T LightLock_Lock
001010d0 00000044 T LightLock_TryLock
00101114 00000040 T LightLock_Unlock
00101154 00000024 T RecursiveLock_Init
00101178 00000030 T RecursiveLock_Lock
001011a8 00000078 T RecursiveLock_TryLock
00101220 00000054 T RecursiveLock_Unlock
00101274 00000040 T LightEvent_Init
001012b4 000000a4 T LightEvent_Clear
00101358 000000c8 T LightEvent_Signal
00101420 00000058 T LightEvent_TryWait
00101478 000000b0 T LightEvent_Wait
00101528 00000084 W envGetHandle
001015ac 00000050 W envDestroyHandles
001015fc 00000124 T srvInit
00101720 00000058 T srvExit
00101778 00000080 T srvGetServiceHandleDirect
001017f8 00000048 T srvGetServiceHandle
00101840 00000038 T srvPublishToSubscriber
00101878 00000014 t archive_link
0010188c 00000014 t archive_dirreset
001018a0 00000014 t archive_chmod
001018b4 00000024 t error_cmp
001018d8 00000050 t archive_translate_error
00101928 000000d4 t archive_seek
001019fc 0000007c t _archiveInit.part.0
00101a78 0000008c t archiveFindDevice.part.0
00101b04 00000294 t archive_utf16path
00101d98 000000a0 t _archiveUnmountDeviceStruct.part.0
00101e38 00000014 t archive_fchmod
00101e4c 00000014 t archive_statvfs
00101e60 00000158 t _archiveMountDevice
00101fb8 000000e8 t archive_diropen
001020a0 000000a4 t archive_fstat
00102144 0000006c t archive_close
001021b0 0000006c t archive_fsync
0010221c 00000070 t archive_dirclose
0010228c 000000e8 t sdmc_statvfs
00102374 00000080 t archive_ftruncate
001023f4 000000fc t archive_chdir
001024f0 000000b0 t archive_read
001025a0 000000ac t archive_unlink
0010264c 000000c8 t archive_rmdir
00102714 000000ec t archive_mkdir
00102800 000001a8 t archive_stat
001029a8 00000184 t archive_rename
00102b2c 00000168 t archive_dirnext
00102c94 0000012c t archive_write
00102dc0 000001f0 t archive_open
00102fb0 000001a4 T archiveMountSdmc
00103154 00000054 T archiveUnmountAll
001031a8 000000c8 T fsInit
00103270 0000003c T fsExit
001032ac 00000060 T fsExemptFromSession
0010330c 00000050 T fsUnexemptFromSession
0010335c 000000cc T FSUSER_OpenFile
00103428 000000bc T FSUSER_DeleteFile
001034e4 000000f8 T FSUSER_RenameFile
001035dc 000000bc T FSUSER_DeleteDirectory
00103698 000000d4 T FSUSER_CreateFile
0010376c 000000c4 T FSUSER_CreateDirectory
00103830 000000f8 T FSUSER_RenameDirectory
00103928 000000b4 T FSUSER_OpenDirectory
001039dc 00000094 T FSUSER_OpenArchive
00103a70 0000008c T FSUSER_CloseArchive
00103afc 00000074 T FSUSER_GetSdmcArchiveResource
00103b70 00000064 T FSUSER_IsSdmcWritable
00103bd4 00000058 T FSFILE_Read
00103c2c 00000060 T FSFILE_Write
00103c8c 00000038 T FSFILE_GetSize
00103cc4 00000028 T FSFILE_SetSize
00103cec 0000003c T FSFILE_Close
00103d28 00000024 T FSFILE_Flush
00103d4c 00000050 T FSDIR_Read
00103d9c 0000003c T FSDIR_Close
00103dd8 00000008 W aptDspSleep
00103de0 00000004 W aptDspWakeup
00103de4 00000004 W aptDspCancel
00103de8 0000015c T aptSendCommand
00103f44 00000038 t aptExitProcess
00103f7c 000002f0 T aptExit
0010426c 00000084 T APT_SleepIfShellClosed
001042f0 00000084 T APT_UnlockTransition
00104378 00000484 t aptEventHandler
001047fc 000000b0 T APT_ReceiveParameter
001048ac 000000b0 t aptReceiveParameter.constprop.0
0010495c 000002d0 t aptWaitForWakeUp.isra.0
00104c2c 00000234 T aptInit
00104e60 0000007c T APT_CheckNew3DS
00104edc 00000024 W hidShouldUseIrrst
00104f00 0000018c T hidInit
0010508c 000000e8 T hidExit
00105174 0000000c T srvPmGetSessionHandle
00105180 000000c0 T utf8_to_utf16
00105240 0000013c T decode_utf8
0010537c 000000e8 T utf16_to_utf8
00105464 00000030 t __libctru_nanosleep
00105494 00000030 t __libctru_get_reent
001054c4 000000f8 T __system_initSyscalls
001055c0 000001e0 W __system_allocateHeaps
001057a0 T __aeabi_read_tp
001057ac 00000054 T osGetTimeRef
00105800 000000e4 T osGetTime
001058e4 00000074 T __libctru_gtod
00105958 00000034 T __ctru_speedup_config
0010598c 00000188 T threadCreate
00105b14 0000002c T threadFree
00105b40 00000024 T threadJoin
00105b64 00000030 T threadGetCurrent
00105b94 00000040 T threadExit
00105bd4 00000044 t _thread_begin
00105c18 00000094 t mappableFindAddressWithin
00105cac 00000028 T mappableInit
00105cd4 00000080 T mappableAlloc
00105d54 00000004 T mappableFree
00105d58 00000160 T irrstInit
00105eb8 000000cc T irrstExit
00105f84 00000068 T GSPGPU_AcquireRight
00105fec 0000002c T GSPGPU_RestoreVramSysArea
00106018 00000074 T ptmSysmInit
0010608c 0000003c T ptmSysmExit
001060c8 00000034 T PTMSYSM_ConfigureNew3DSCPU
001060fc 00000060 T encode_utf16
0010615c 000000fc T encode_utf8
00106258 00000064 T decode_utf16
001062bc 00000120 T __udivmoddi4
001063dc 00000078 T bsearch
00106454 0000000c T __errno
00106460 00000034 T exit
00106494 0000003c T __libc_fini_array
001064d0 0000007c T __libc_init_array
0010654c 00000028 T memalign
00106574 00000148 T _memalign_r
001066bc 00000020 T malloc
001066dc 00000020 T free
001066fc 000007f0 T _malloc_r
00106eec 0000011c T memcpy
00107008 00000118 T memset
00107120 0000000c T __malloc_lock
0010712c 0000000c T __malloc_unlock
00107138 00000034 T printf
0010716c 0000005c T strlen
001071c8 000000ec T strncat
001072b4 000000dc T strncmp
00107390 000000c0 T strncpy
00107450 00000048 T strnlen
00107498 0000064c t get_arg
00107ae8 000038d4 T _vfprintf_r
0010b3bc 000000d4 t __sbprintf
0010b490 00000054 T _wcrtomb_r
0010b4e4 00000028 T _wcsrtombs_r
0010b50c 00000154 T __swsetup_r
0010b660 00000114 T __call_exitprocs
0010b774 000001a8 t quorem
0010b920 000012ec T _dtoa_r
0010cc0c 00000258 T __sflush_r
0010ce64 00000094 T _fflush_r
0010cef8 0000000c T _cleanup_r
0010cf04 00000184 T __sinit
0010d088 0000000c T __sfp_lock_acquire
0010d094 0000000c T __sfp_lock_release
0010d0a0 000000f8 T _malloc_trim_r
0010d198 000002e4 T _free_r
0010d47c 00000070 T _fwalk_reent
0010d4ec 0000000c T _localeconv_r
0010d4f8 00000010 T __locale_mb_cur_max
0010d508 00000138 T __smakebuf_r
0010d640 000002fc T __utf8_mbtowc
0010d93c 000000e0 T memchr
0010da1c 00000088 T _Balloc
0010daa4 0000001c T _Bfree
0010dac0 000000f4 T __multadd
0010dbb4 00000058 T __hi0bits
0010dc0c 0000009c T __lo0bits
0010dca8 000000a4 T __i2b
0010dd4c 00000204 T __multiply
0010df50 00000120 T __pow5mult
0010e070 0000013c T __lshift
0010e1ac 00000058 T __mcmp
0010e204 000001cc T __mdiff
0010e3d0 0000012c T __d2b
0010e500 000000a8 T frexp
0010e5a8 00000044 T __sread
0010e5ec 00000068 T __swrite
0010e654 00000048 T __sseek
0010e69c 00000008 T __sclose
0010e6a4 00000144 T strchr
0010e7e8 0000064c t get_arg
0010ee34 00000034 T __sprint_r
0010ee68 00002584 T _vfiprintf_r
001113ec 000000d4 t __sbprintf
001114c0 00000190 T _wcsnrtombs_l
00111650 0000004c T _wcsnrtombs_r
0011169c 000000f0 T __utf8_wctomb
0011178c 0000005c T __assert_func
001117e8 00000094 T _calloc_r
0011187c 00000160 T _fclose_r
001119dc 0000003c T fiprintf
00111a18 000004a4 T __sfvwrite_r
00111ebc 00000154 T memmove
00112010 00000598 T _realloc_r
001125a8 00000014 T abort
001125bc 00000098 T _raise_r
00112654 00000020 T raise
00112674 00000008 t null_write
0011267c 00000018 T setDefaultDevice
00112694 000000c8 T FindDevice
0011275c 00000028 T RemoveDevice
00112784 0000009c T AddDevice
00112820 00000020 T GetDeviceOpTab
00112840 00000078 T _fstat_r
001128b8 00000014 T _getpid_r
001128cc 00000008 T _isatty_r
001128d4 00000014 T _kill_r
001128e8 00000084 T _lseek_r
0011296c 00000080 T _read_r
001129ec 00000078 T _sbrk_r
00112a64 00000048 T sleep
00112aac 00000080 T _write_r
00112b2c 00000024 T _exit
00112b50 000001b8 T _concatenate_path
00112d08 00000160 T chdir
00112e68 00000008 T __flockfile
00112e70 00000008 T __funlockfile
00112e78 00000018 T __libc_lock_acquire
00112e90 00000018 T __libc_lock_release
00112ea8 00000018 T __libc_lock_init_recursive
00112ec0 00000018 T __libc_lock_acquire_recursive
00112ed8 00000018 T __libc_lock_release_recursive
00112ef0 00000018 T __libc_lock_close_recursive
00112f08 0000003c T __get_handle
00112f44 000000f4 T _close_r
00113038 00000028 T __getreent
00113060 00000040 T nanosleep
001130a0 00000044 T strrchr
001130e4 T _fini
0011427c 00000070 r archive_devoptab
001142ec 00000030 r error_table
0011433c 00000008 r s_sleepWakeEvents.4
00114370 00000004 R _global_impure_ptr
001143b0 00000010 r blanks.1
001143c0 00000010 r zeroes.0
001143e0 r .LC2
001144c0 00000028 R __mprec_bigtens
001144e8 000000c8 R __mprec_tens
001145b0 0000000c r p05.0
001145bc 0000006c R __action_table
00114628 00000100 R __chclass
00114728 0000006c R __state_table
00114794 00000010 r blanks.1
001147a4 00000010 r zeroes.0
001147f4 00000101 R _ctype_
001148f8 00000070 R dotab_stdnull
00114968 r 
00114968 R __exidx_end
00114968 R __exidx_start
00115000 W __stacksize__
00115004 00000004 D _impure_ptr
00115008 00000460 d impure_data
00115468 00000408 D __malloc_av_
00115870 00000004 D __malloc_sbrk_base
00115874 00000004 D __malloc_trim_threshold
00115878 0000000c d __malloc_recursive_mutex
00115884 0000000c D __atexit_recursive_mutex
00115890 0000000c d __sfp_recursive_mutex
0011589c 0000000c d __sinit_recursive_mutex
001158a8 0000016c D __global_locale
00115a14 00000004 d defaultDevice
00115a18 0000008c D devoptab_list
00115aa4 00000400 d _current_working_directory
00115ea4 00000004 d __hndl_lock
00115ea8 0000000c d __stderr_handle
00115eb4 0000000c d __stdin_handle
00115ec0 0000000c d __stdout_handle
00115ecc 00001000 d handles
00116ed4 d _GLOBAL_OFFSET_TABLE_
00116ee0 d __frame_dummy_init_array_entry
00116ee0 D __init_array_start
00116ee0 B __preinit_array_end
00116ee0 B __preinit_array_start
00116ee0 D __tdata_lma
00116ee0 D __tdata_lma_end
00116ee4 d __do_global_dtors_aux_fini_array_entry
00116ee4 D __fini_array_start
00116ee4 D __init_array_end
00116ee8 D __bss_start__
00116ee8 b completed.1
00116ee8 D __fini_array_end
00116eec b object.0
00116f04 00000004 B __system_argc
00116f08 00000004 B __system_argv
00116f0c b saved_stack
00116f14 00000004 B __system_retAddr
00116f18 00000004 b arbiter
00116f1c 00000004 b srvHandle
00116f20 00000004 b srvRefCount
00116f24 00000004 b archive_device_cwd
00116f28 00000540 b archive_devices
00117468 00000001 b archive_initialized
00117470 00000080 b fsExemptArchives
001174f0 00000004 b fsuHandle
001174f4 00000004 b fsuRefCount
001174f8 00000001 b aptChainloadFlags
001174f9 00000001 b aptChainloadMediatype
00117500 00000008 b aptChainloadTid
00117508 00000004 b aptEventHandlerThread
0011750c 00000001 b aptEventHandlerThreadQuit
00117510 00000008 b aptEvents
00117518 0000000c b aptFirstHook
00117524 00000004 b aptFlags
00117528 00000001 b aptHomeButtonState
0011752c 00000004 b aptLockHandle
00117530 00000004 b aptMessageFunc
00117534 00000004 b aptMessageFuncData
00117538 00001000 b aptParameters
00118538 00000008 b aptReceiveEvent
00118540 00000004 b aptRefCount
00118544 00000008 b aptSleepEvent
0011854c 00000001 b flagInit.1
0011854d 00000001 b flagValue.0
00118550 00000004 b serviceName.6
00118554 00000014 B hidEvents
00118568 00000004 B hidHandle
0011856c 00000004 B hidMemHandle
00118570 00000004 b hidRefCount
00118574 00000004 B hidSharedMem
00118578 00000004 b kDown
0011857c 00000004 b kHeld
00118580 00000004 b kOld
00118584 00000004 b kUp
00118588 00000001 b usingIrrst
0011858c 00000004 b srvPmHandle
00118590 00000004 B __ctru_heap
00118594 00000004 V __ctru_heap_size
00118598 00000004 B __ctru_linear_heap
0011859c 00000004 V __ctru_linear_heap_size
001185a0 00000001 V __ctru_speedup
001185a4 00000004 b currentAddr
001185a8 00000004 b maxAddr
001185ac 00000004 b minAddr
001185b0 00000004 B irrstEvent
001185b4 00000004 B irrstHandle
001185b8 00000004 B irrstMemHandle
001185bc 00000004 b irrstRefCount
001185c0 00000004 B irrstSharedMem
001185c4 00000004 b kHeld
001185c8 00000004 b gspGpuHandle
001185cc 00000001 b gspGpuRight
001185d0 00000004 b ptmSysmHandle
001185d4 00000004 b ptmSysmRefCount
001185d8 00000028 B __malloc_current_mallinfo
00118600 00000004 B __malloc_max_sbrked_mem
00118604 00000004 B __malloc_max_total_mem
00118608 00000004 B __malloc_top_pad
0011860c 00000004 b heap_start.0
00118610 00000004 B fake_heap_end
00118614 00000004 B fake_heap_start
00118618 00000400 b temp_cwd
00118a18 00000048 B __syscalls
00118a60 B __tls_start
00119668 B __bss_end__
00119668 A __end__
00119668 B __tls_end
